This is pdfTeX, Version 3.1415926-2.3-1.40.12 (TeX Live 2011) (format=pdflatex 2011.7.3)  3 JUN 2013 09:13
entering extended mode
 \write18 enabled.
 file:line:error style messages enabled.
 %&-line parsing enabled.
**snsigest.tex
(./snsigest.tex
LaTeX2e <2009/09/24>
Babel <v3.8l> and hyphenation patterns for english, dumylang, nohyphenation, ge
rman-x-2009-06-19, ngerman-x-2009-06-19, afrikaans, ancientgreek, ibycus, arabi
c, armenian, basque, bulgarian, catalan, pinyin, coptic, croatian, czech, danis
h, dutch, ukenglish, usenglishmax, esperanto, estonian, ethiopic, farsi, finnis
h, french, galician, german, ngerman, swissgerman, monogreek, greek, hungarian,
 icelandic, assamese, bengali, gujarati, hindi, kannada, malayalam, marathi, or
iya, panjabi, tamil, telugu, indonesian, interlingua, irish, italian, kurmanji,
 lao, latin, latvian, lithuanian, mongolian, mongolianlmc, bokmal, nynorsk, pol
ish, portuguese, romanian, russian, sanskrit, serbian, serbianc, slovak, sloven
ian, spanish, swedish, turkish, turkmen, ukrainian, uppersorbian, welsh, loaded
.

! LaTeX Error: File `siamltex.cls' not found.

Type X to quit or <RETURN> to proceed,
or enter new name. (Default extension: cls)

Enter file name: 
(/usr/local/texlive/2011/texmf-dist/tex/latex/base/latexsym.sty
Package: latexsym 1998/08/17 v2.2e Standard LaTeX package (lasy symbols)
\symlasy=\mathgroup4
LaTeX Font Info:    Overwriting symbol font `lasy' in version `bold'
(Font)                  U/lasy/m/n --> U/lasy/b/n on input line 47.
)
(/usr/local/texlive/2011/texmf-dist/tex/latex/pst-node/pst-node.sty
(/usr/local/texlive/2011/texmf-dist/tex/latex/pstricks/pstricks.sty
Package: pstricks 2011/04/23 v0.50 LaTeX wrapper for `PSTricks' (RN,HV)

(/usr/local/texlive/2011/texmf-dist/tex/generic/oberdiek/ifpdf.sty
Package: ifpdf 2011/01/30 v2.3 Provides the ifpdf switch (HO)
Package ifpdf Info: pdfTeX in PDF mode is detected.
)
(/usr/local/texlive/2011/texmf-dist/tex/generic/oberdiek/ifluatex.sty
Package: ifluatex 2010/03/01 v1.3 Provides the ifluatex switch (HO)
Package ifluatex Info: LuaTeX not detected.
)
(/usr/local/texlive/2011/texmf-dist/tex/generic/pstricks/pstricks.tex
(/usr/local/texlive/2011/texmf-dist/tex/generic/xkeyval/pst-xkey.tex
File: pst-xkey.tex 2005/11/25 v1.6 PSTricks specialization of xkeyval (HA)

(/usr/local/texlive/2011/texmf-dist/tex/latex/xkeyval/xkeyval.sty
Package: xkeyval 2008/08/13 v2.6a package option processing (HA)

(/usr/local/texlive/2011/texmf-dist/tex/generic/xkeyval/xkeyval.tex
\XKV@toks=\toks14
\XKV@tempa@toks=\toks15
\XKV@depth=\count79
File: xkeyval.tex 2008/08/13 v2.6a key=value parser (HA)

(/usr/local/texlive/2011/texmf-dist/tex/generic/xkeyval/keyval.tex))

/usr/local/texlive/2011/texmf-dist/tex/latex/xkeyval/xkeyval.sty:62: Package xk
eyval Error: xkeyval loaded before \documentclass.

See the xkeyval package documentation for explanation.
Type  H <return>  for immediate help.
 ...                                              
                                                  
l.62 ...yval loaded before \protect\documentclass}
                                                  %
? 
/usr/local/texlive/2011/texmf-dist/tex/latex/xkeyval/xkeyval.sty:62: Emergency 
stop.
 ...                                              
                                                  
l.62 ...yval loaded before \protect\documentclass}
                                                  %
Try typing  <return>  to proceed.
If that doesn't work, type  X <return>  to quit.

 
Here is how much of TeX's memory you used:
 287 strings out of 493633
 4988 string characters out of 3143378
 53683 words of memory out of 3000000
 3650 multiletter control sequences out of 15000+200000
 3640 words of font info for 14 fonts, out of 3000000 for 9000
 831 hyphenation exceptions out of 8191
 32i,0n,21p,288b,22s stack positions out of 5000i,500n,10000p,200000b,50000s
/usr/local/texlive/2011/texmf-dist/tex/latex/xkeyval/xkeyval.sty:62:  ==> Fatal
 error occurred, no output PDF file produced!
C@@rType=\count111
\pslinewidth=\dimen116
\psk@startLW=\dimen117
\psk@endLW=\dimen118
\pst@customdefs=\toks17
\pslinearc=\dimen119
\pst@symbolStep=\dimen120
\pst@symbolWidth=\dimen121
\everypsbox=\toks18
\psframesep=\dimen122
\pslabelsep=\dimen123
\pst@shift=\dimen124
\theoverlaybox=\box29
)
File: pstricks.tex 2011/04/23 v2.20 `PSTricks' (tvz,hv)

(/sw/share/texmf-dist/tex/generic/pstricks/pst-fp.tex)
File: pst-fp.tex 2011/04/23 v2.20 `PST-fp' (hv)

(/sw/share/texmf-dist/tex/latex/xcolor/xcolor.sty
Package: xcolor 2007/01/21 v2.11 LaTeX color extensions (UK)

(/sw/share/texmf-dist/tex/latex/latexconfig/color.cfg
File: color.cfg 2007/01/18 v1.5 color configuration of teTeX/TeXLive
)
Package xcolor Info: Driver file: pdftex.def on input line 225.

(/sw/share/texmf-dist/tex/latex/pdftex-def/pdftex.def
File: pdftex.def 2011/05/27 v0.06d Graphics/color for pdfTeX

(/sw/share/texmf-dist/tex/generic/oberdiek/infwarerr.sty
Package: infwarerr 2010/04/08 v1.3 Providing info/warning/message (HO)
)
(/sw/share/texmf-dist/tex/generic/oberdiek/ltxcmds.sty
Package: ltxcmds 2011/04/18 v1.20 LaTeX kernel commands for general use (HO)
)
\Gread@gobject=\count112
)
Package xcolor Info: Model `cmy' substituted by `cmy0' on input line 1337.
Package xcolor Info: Model `hsb' substituted by `rgb' on input line 1341.
Package xcolor Info: Model `RGB' extended on input line 1353.
Package xcolor Info: Model `HTML' substituted by `rgb' on input line 1355.
Package xcolor Info: Model `Hsb' substituted by `hsb' on input line 1356.
Package xcolor Info: Model `tHsb' substituted by `hsb' on input line 1357.
Package xcolor Info: Model `HSB' substituted by `hsb' on input line 1358.
Package xcolor Info: Model `Gray' substituted by `gray' on input line 1359.
Package xcolor Info: Model `wave' substituted by `hsb' on input line 1360.
))
Package: pst-node 2010/04/22 package wrapper for pst-node.tex

(/sw/share/texmf-dist/tex/generic/pst-node/pst-node.tex  v1.16, 2011/05/05
\psrow=\count113
\pscol=\count114
\psmatrixcnt=\count115
\psrowsep=\skip43
\pscolsep=\skip44
\pst@args=\count116
\num@pts=\count117
\pst@argcnt=\count118
)
File: pst-node.tex 2011/05/05 1.16 `pst-node' (tvz)
)
(/sw/share/texmf-dist/tex/latex/amsmath/amsmath.sty
Package: amsmath 2000/07/18 v2.13 AMS math features
\@mathmargin=\skip45

For additional information on amsmath, use the `?' option.
(/sw/share/texmf-dist/tex/latex/amsmath/amstext.sty
Package: amstext 2000/06/29 v2.01

(/sw/share/texmf-dist/tex/latex/amsmath/amsgen.sty
File: amsgen.sty 1999/11/30 v2.0
\@emptytoks=\toks19
\ex@=\dimen125
))
(/sw/share/texmf-dist/tex/latex/amsmath/amsbsy.sty
Package: amsbsy 1999/11/29 v1.2d
\pmbraise@=\dimen126
)
(/sw/share/texmf-dist/tex/latex/amsmath/amsopn.sty
Package: amsopn 1999/12/14 v2.01 operator names
)
\inf@bad=\count119
LaTeX Info: Redefining \frac on input line 211.
\uproot@=\count120
\leftroot@=\count121
LaTeX Info: Redefining \overline on input line 307.
\classnum@=\count122
\DOTSCASE@=\count123
LaTeX Info: Redefining \ldots on input line 379.
LaTeX Info: Redefining \dots on input line 382.
LaTeX Info: Redefining \cdots on input line 467.
\Mathstrutbox@=\box30
\strutbox@=\box31
\big@size=\dimen127
LaTeX Font Info:    Redeclaring font encoding OML on input line 567.
LaTeX Font Info:    Redeclaring font encoding OMS on input line 568.
\macc@depth=\count124
\c@MaxMatrixCols=\count125
\dotsspace@=\muskip10
\c@parentequation=\count126
\dspbrk@lvl=\count127
\tag@help=\toks20
\row@=\count128
\column@=\count129
\maxfields@=\count130
\andhelp@=\toks21
\eqnshift@=\dimen128
\alignsep@=\dimen129
\tagshift@=\dimen130
\tagwidth@=\dimen131
\totwidth@=\dimen132
\lineht@=\dimen133
\@envbody=\toks22
\multlinegap=\skip46
\multlinetaggap=\skip47
\mathdisplay@stack=\toks23
LaTeX Info: Redefining \[ on input line 2666.
LaTeX Info: Redefining \] on input line 2667.
)
(/sw/share/texmf-dist/tex/latex/amsfonts/amssymb.sty
Package: amssymb 2009/06/22 v3.00

(/sw/share/texmf-dist/tex/latex/amsfonts/amsfonts.sty
Package: amsfonts 2009/06/22 v3.00 Basic AMSFonts support
\symAMSa=\mathgroup5
\symAMSb=\mathgroup6
LaTeX Font Info:    Overwriting math alphabet `\mathfrak' in version `bold'
(Font)                  U/euf/m/n --> U/euf/b/n on input line 96.
)) (./snsigest.aux)
\openout1 = `snsigest.aux'.

LaTeX Font Info:    Checking defaults for OML/cmm/m/it on input line 232.
LaTeX Font Info:    ... okay on input line 232.
LaTeX Font Info:    Checking defaults for T1/cmr/m/n on input line 232.
LaTeX Font Info:    ... okay on input line 232.
LaTeX Font Info:    Checking defaults for OT1/cmr/m/n on input line 232.
LaTeX Font Info:    ... okay on input line 232.
LaTeX Font Info:    Checking defaults for OMS/cmsy/m/n on input line 232.
LaTeX Font Info:    ... okay on input line 232.
LaTeX Font Info:    Checking defaults for OMX/cmex/m/n on input line 232.
LaTeX Font Info:    ... okay on input line 232.
LaTeX Font Info:    Checking defaults for U/cmr/m/n on input line 232.
LaTeX Font Info:    ... okay on input line 232.


! LaTeX Error: You have run the document with pdflatex, but PSTricks
               requires latex->dvips->ps2pdf or alternatively the use
               of the package `auto-pst-pdf'. Then you can run
                 `pdflatex -shell-escape <file>' (TeX Live) 
               or
                 `pdflatex -enable-write18 <file>' (MikTeX).

See the LaTeX manual or LaTeX Companion for explanation.
Type  H <return>  for immediate help.
 ...                                              
                                                  
l.232 \begin{document}
                      
? 
(/sw/share/texmf-dist/tex/context/base/supp-pdf.mkii
[Loading MPS to PDF converter (version 2006.09.02).]
\scratchcounter=\count131
\scratchdimen=\dimen134
\scratchbox=\box32
\nofMPsegments=\count132
\nofMParguments=\count133
\everyMPshowfont=\toks24
\MPscratchCnt=\count134
\MPscratchDim=\dimen135
\MPnumerator=\count135
\makeMPintoPDFobject=\count136
\everyMPtoPDFconversion=\toks25
)
LaTeX Font Info:    Try loading font information for U+lasy on input line 234.
 (/sw/share/texmf-dist/tex/latex/base/ulasy.fd
File: ulasy.fd 1998/08/17 v2.2e LaTeX symbol font definitions
)
LaTeX Font Info:    Try loading font information for U+msa on input line 234.

(/sw/share/texmf-dist/tex/latex/amsfonts/umsa.fd
File: umsa.fd 2009/06/22 v3.00 AMS symbols A
)
LaTeX Font Info:    Try loading font information for U+msb on input line 234.

(/sw/share/texmf-dist/tex/latex/amsfonts/umsb.fd
File: umsb.fd 2009/06/22 v3.00 AMS symbols B
)

! LaTeX Error: Environment PII undefined.

See the LaTeX manual or LaTeX Companion for explanation.
Type  H <return>  for immediate help.
 ...                                              
                                                  
l.277 \begin{PII}
                 
? 

! LaTeX Error: \begin{document} ended by \end{PII}.

See the LaTeX manual or LaTeX Companion for explanation.
Type  H <return>  for immediate help.
 ...                                              
                                                  
l.279 \end{PII}
               
? 

LaTeX Warning: Citation `SNOPT7' on page 1 undefined on input line 311.

[1
Non-PDF special ignored!
Non-PDF special ignored!
Non-PDF special ignored!
Non-PDF special ignored!
Non-PDF special ignored!


Non-PDF special ignored!
Non-PDF special ignored!
Non-PDF special ignored!{/sw/var/lib/texmf/fonts/map/pdftex/updmap/pdftex.map}]
[2]

LaTeX Warning: Citation `MurS98' on page 3 undefined on input line 414.


LaTeX Warning: Citation `CONOPT' on page 3 undefined on input line 414.


LaTeX Warning: Citation `FleL98' on page 3 undefined on input line 455.

[3]

LaTeX Warning: Citation `FriS05' on page 4 undefined on input line 506.


LaTeX Warning: Citation `CONOPT' on page 4 undefined on input line 507.


LaTeX Warning: Citation `Gould:2003:GLT' on page 4 undefined on input line 510.



LaTeX Warning: Citation `GAMS' on page 4 undefined on input line 530.


LaTeX Warning: Citation `AMPL' on page 4 undefined on input line 530.

[4] [5]
LaTeX Font Info:    Font shape `U/lasy/b/n' in size <7> not available
(Font)              Font shape `U/lasy/m/n' tried instead on input line 675.
LaTeX Font Info:    Font shape `U/lasy/b/n' in size <5> not available
(Font)              Font shape `U/lasy/m/n' tried instead on input line 675.
 [6] [7]

LaTeX Warning: Citation `ByrN91' on page 8 undefined on input line 906.

[8] [9] [10]

LaTeX Warning: Citation `BroGG73' on page 11 undefined on input line 1100.


LaTeX Warning: Citation `ByrNS94' on page 11 undefined on input line 1122.


LaTeX Warning: Citation `GilL03' on page 11 undefined on input line 1122.


LaTeX Warning: Citation `Mor02' on page 11 undefined on input line 1123.

[11] [12] [13] [14]

LaTeX Warning: Citation `OSS2002SIAM' on page 15 undefined on input line 1479.


LaTeX Warning: Citation `OS02' on page 15 undefined on input line 1481.


LaTeX Warning: Citation `OSS2002HH' on page 15 undefined on input line 1484.

[15]
Underfull \vbox (badness 3769) has occurred while \output is active []

 [16]

LaTeX Warning: Citation `Bar71' on page 17 undefined on input line 1670.

[17] [18] [19] [20]

LaTeX Warning: Citation `DolM00' on page 21 undefined on input line 2001.


LaTeX Warning: Citation `DolMM04' on page 21 undefined on input line 2001.


LaTeX Warning: Citation `PaiS75' on page 21 undefined on input line 2065.

[21] [22] [23]

LaTeX Warning: Citation `ByrLNZ95' on page 24 undefined on input line 2457.


LaTeX Warning: Citation `GilL03' on page 24 undefined on input line 2457.

[24]

LaTeX Warning: Citation `DolM00' on page 25 undefined on input line 2478.


LaTeX Warning: Citation `AMPL2' on page 25 undefined on input line 2479.


LaTeX Warning: Citation `AMPL' on page 25 undefined on input line 2479.


LaTeX Warning: Citation `DolMM04' on page 25 undefined on input line 2482.

[25] [26] [27]

LaTeX Warning: Citation `PaiS82a' on page 28 undefined on input line 2791.


LaTeX Warning: Citation `Gould:2003:GLT' on page 28 undefined on input line 282
0.

[28]

LaTeX Warning: Citation `AMPL2' on page 29 undefined on input line 2929.


LaTeX Warning: Citation `GouOT03' on page 29 undefined on input line 2930.

(./snsigest.bbl [29]
Underfull \vbox (badness 10000) has occurred while \output is active []

 [30]
Underfull \vbox (badness 10000) has occurred while \output is active []

 [31]
Underfull \hbox (badness 4416) in paragraph at lines 383--387
[]\OT1/cmr/m/sc/8 Andreas W[]achter, Lorenz T. Biegler, Yi-Dong Lang, and Arvin
d Raghu-
 []

) [32] (./snsigest.aux)

LaTeX Warning: There were undefined references.


LaTeX Warning: Label(s) may have changed. Rerun to get cross-references right.

 ) 
Here is how much of TeX's memory you used:
 4852 strings out of 493633
 59274 string characters out of 3149115
 200355 words of memory out of 3000000
 8089 multiletter control sequences out of 15000+200000
 15238 words of font info for 61 fonts, out of 3000000 for 9000
 831 hyphenation exceptions out of 8191
 39i,19n,40p,930b,398s stack positions out of 5000i,500n,10000p,200000b,50000s
</sw/share/texmf-dist/fonts/type1/public/amsfonts/cm/cmbx10.pfb></sw/share/te
xmf-dist/fonts/type1/public/amsfonts/cm/cmbx8.pfb></sw/share/texmf-dist/fonts/t
ype1/public/amsfonts/cm/cmcsc10.pfb></sw/share/texmf-dist/fonts/type1/public/am
sfonts/cm/cmex10.pfb></sw/share/texmf-dist/fonts/type1/public/amsfonts/cm/cmmi1
0.pfb></sw/share/texmf-dist/fonts/type1/public/amsfonts/cm/cmmi5.pfb></sw/share
/texmf-dist/fonts/type1/public/amsfonts/cm/cmmi6.pfb></sw/share/texmf-dist/font
s/type1/public/amsfonts/cm/cmmi7.pfb></sw/share/texmf-dist/fonts/type1/public/a
msfonts/cm/cmmi8.pfb></sw/share/texmf-dist/fonts/type1/public/amsfonts/cm/cmmib
10.pfb></sw/share/texmf-dist/fonts/type1/public/amsfonts/cmextra/cmmib7.pfb></s
w/share/texmf-dist/fonts/type1/public/amsfonts/cm/cmr10.pfb></sw/share/texmf-di
st/fonts/type1/public/amsfonts/cm/cmr6.pfb></sw/share/texmf-dist/fonts/type1/pu
blic/amsfonts/cm/cmr7.pfb></sw/share/texmf-dist/fonts/type1/public/amsfonts/cm/
cmr8.pfb></sw/share/texmf-dist/fonts/type1/public/amsfonts/cm/cmr9.pfb></sw/sha
re/texmf-dist/fonts/type1/public/amsfonts/cm/cmss8.pfb></sw/share/texmf-dist/fo
nts/type1/public/amsfonts/cm/cmsy10.pfb></sw/share/texmf-dist/fonts/type1/publi
c/amsfonts/cm/cmsy6.pfb></sw/share/texmf-dist/fonts/type1/public/amsfonts/cm/cm
sy7.pfb></sw/share/texmf-dist/fonts/type1/public/amsfonts/cm/cmsy8.pfb></sw/sha
re/texmf-dist/fonts/type1/public/amsfonts/cm/cmti10.pfb></sw/share/texmf-dist/f
onts/type1/public/amsfonts/cm/cmti7.pfb></sw/share/texmf-dist/fonts/type1/publi
c/amsfonts/cm/cmti8.pfb></sw/share/texmf-dist/fonts/type1/public/amsfonts/cm/cm
ti9.pfb></sw/share/texmf-dist/fonts/type1/public/amsfonts/cm/cmtt10.pfb></sw/sh
are/texmf-dist/fonts/type1/public/amsfonts/cm/cmtt8.pfb></sw/share/texmf-dist/f
onts/type1/public/amsfonts/symbols/msbm10.pfb></sw/share/texmf-dist/fonts/type1
/public/amsfonts/symbols/msbm7.pfb>
Output written on snsigest.pdf (32 pages, 478035 bytes).
PDF statistics:
 224 PDF objects out of 1000 (max. 8388607)
 159 compressed objects within 2 object streams
 0 named destinations out of 1000 (max. 500000)
 1 words of extra memory for PDF output out of 10000 (max. 10000000)

